{
  "MiniTest": {
    "coverage": {
      "/Users/edsong/Desktop/SOA/twitter-api/script.rb": [
        null,
        1,
        1,
        1,
        null,
        1,
        0,
        null,
        null,
        1,
        0,
        null,
        null,
        1,
        null,
        null,
        0,
        null,
        null,
        1,
        0,
        null,
        null,
        0,
        null,
        null,
        1,
        null,
        null,
        0,
        null,
        null,
        1,
        0,
        0,
        0,
        null
      ]
    },
    "timestamp": 1477125022
  },
  "RSpec": {
    "coverage": {
      "/Users/edsong/Desktop/SOA/twitter-api/lib/twitter/client.rb": [
        null,
        1,
        1,
        null,
        1,
        1,
        1,
        1,
        1,
        null,
        1,
        2,
        null,
        null,
        1,
        null,
        null,
        2,
        null,
        null,
        1,
        null,
        1,
        2,
        null,
        null,
        null
      ],
      "/Users/edsong/Desktop/SOA/twitter-api/lib/twitter/tweet.rb": [
        null,
        1,
        1,
        1,
        null,
        1,
        0,
        0,
        0,
        null,
        null,
        1,
        0,
        0,
        null,
        null,
        null
      ]
    },
    "timestamp": 1477127165
  }
}
